<?xml version="1.0" encoding="UTF-8"?>
<!-- Generated by org.testng.reporters.JUnitReportReporter -->
<testsuite hostname="DESKTOP-SHL9U6D" failures="0" tests="1" name="Practice.DemoTest" time="0.015" errors="0" timestamp="2022-10-10T20:37:09 IST" skipped="0">
  <testcase classname="Practice.DemoTest" name="method" time="0.015"/>
  <system-out/>
</testsuite> <!-- Practice.DemoTest -->
