<?xml version="1.0" encoding="UTF-8"?>
<!-- Generated by org.testng.reporters.JUnitReportReporter -->
<testsuite hostname="DESKTOP-SHL9U6D" failures="0" tests="1" name="com.crmProduct.CreateProductTest" time="54.214" errors="0" timestamp="2022-10-10T15:27:06 IST" skipped="0">
  <testcase classname="com.crmProduct.CreateProductTest" name="createProductTest" time="54.214"/>
  <system-out/>
</testsuite> <!-- com.crmProduct.CreateProductTest -->
