<?xml version="1.0" encoding="UTF-8"?>
<!-- Generated by org.testng.reporters.JUnitReportReporter -->
<testsuite hostname="DESKTOP-SHL9U6D" failures="0" tests="5" name="Practice.DataProviderTest" time="0.018" errors="0" timestamp="2022-10-06T19:45:12 IST" skipped="0">
  <testcase classname="Practice.DataProviderTest" name="bookTicket" time="0.009"/>
  <system-out/>
  <testcase classname="Practice.DataProviderTest" name="bookTicket" time="0.002"/>
  <system-out/>
  <testcase classname="Practice.DataProviderTest" name="bookTicket" time="0.003"/>
  <system-out/>
  <testcase classname="Practice.DataProviderTest" name="bookTicket" time="0.002"/>
  <system-out/>
  <testcase classname="Practice.DataProviderTest" name="bookTicket" time="0.002"/>
  <system-out/>
</testsuite> <!-- Practice.DataProviderTest -->
