<?xml version="1.0" encoding="UTF-8"?>
<!-- Generated by org.testng.reporters.JUnitReportReporter -->
<testsuite hostname="DESKTOP-SHL9U6D" failures="0" tests="2" name="Practice.SoftAssertTest" time="0.027" errors="0" timestamp="2022-10-07T11:52:02 IST" skipped="0">
  <testcase classname="Practice.SoftAssertTest" name="CreateCustomerTest" time="0.024"/>
  <system-out/>
  <testcase classname="Practice.SoftAssertTest" name="modifyCustomerTest" time="0.003"/>
  <system-out/>
</testsuite> <!-- Practice.SoftAssertTest -->
