<?xml version="1.0" encoding="UTF-8"?>
<!-- Generated by org.testng.reporters.JUnitReportReporter -->
<testsuite hostname="DESKTOP-SHL9U6D" failures="0" tests="1" name="com.crmCampaign.CreateCampaignTest" time="95.316" errors="0" timestamp="2022-10-11T12:32:28 IST" skipped="0">
  <testcase classname="com.crmCampaign.CreateCampaignTest" name="createCampaignTest" time="95.316"/>
  <system-out/>
</testsuite> <!-- com.crmCampaign.CreateCampaignTest -->
