<?xml version="1.0" encoding="UTF-8"?>
<!-- Generated by org.testng.reporters.JUnitReportReporter -->
<testsuite hostname="DESKTOP-SHL9U6D" failures="0" tests="1" name="com.crmOrganization.CreateOranization" time="150.355" errors="0" timestamp="2022-10-05T19:10:11 IST" skipped="0">
  <testcase classname="com.crmOrganization.CreateOranization" name="CreateOranization" time="150.355"/>
  <system-out/>
</testsuite> <!-- com.crmOrganization.CreateOranization -->
