<?xml version="1.0" encoding="UTF-8"?>
<!-- Generated by org.testng.reporters.JUnitReportReporter -->
<testsuite hostname="DESKTOP-SHL9U6D" failures="0" tests="3" name="Practice.DataProviderTest1" time="106.739" errors="0" timestamp="2022-10-14T11:45:34 IST" skipped="0">
  <testcase classname="Practice.DataProviderTest1" name="companyDetails" time="32.658"/>
  <system-out/>
  <testcase classname="Practice.DataProviderTest1" name="companyDetails" time="43.121"/>
  <system-out/>
  <testcase classname="Practice.DataProviderTest1" name="companyDetails" time="30.960"/>
  <system-out/>
</testsuite> <!-- Practice.DataProviderTest1 -->
