<?xml version="1.0" encoding="UTF-8"?>
<!-- Generated by org.testng.reporters.JUnitReportReporter -->
<testsuite hostname="DESKTOP-SHL9U6D" failures="0" tests="1" name="com.crmCampaign.CampignWithProductTest" time="138.951" errors="0" timestamp="2022-10-11T13:55:51 IST" skipped="0">
  <testcase classname="com.crmCampaign.CampignWithProductTest" name="CampignWithProductTest" time="138.951"/>
  <system-out/>
</testsuite> <!-- com.crmCampaign.CampignWithProductTest -->
